2024-12-02 05:28:06,488 DEBUG    root            Loaded Command Group: ['gcloud', 'compute']
2024-12-02 05:28:06,521 DEBUG    root            Loaded Command Group: ['gcloud', 'compute', 'disks']
2024-12-02 05:28:06,589 DEBUG    root            Loaded Command Group: ['gcloud', 'compute', 'disks', 'list']
2024-12-02 05:28:06,665 DEBUG    root            Running [gcloud.compute.disks.list] with arguments: []
2024-12-02 05:28:06,993 DEBUG    google.auth.transport.requests Making request: GET http://metadata.google.internal/computeMetadata/v1/instance/service-accounts/964557009757-compute@developer.gserviceaccount.com/?recursive=true
2024-12-02 05:28:07,017 DEBUG    urllib3.connectionpool Starting new HTTP connection (1): metadata.google.internal:80
2024-12-02 05:28:07,020 DEBUG    urllib3.connectionpool http://metadata.google.internal:80 "GET /computeMetadata/v1/instance/service-accounts/964557009757-compute@developer.gserviceaccount.com/?recursive=true HTTP/1.1" 200 197
2024-12-02 05:28:07,103 DEBUG    google.auth.transport.requests Making request: GET http://metadata.google.internal/computeMetadata/v1/instance/service-accounts/964557009757-compute@developer.gserviceaccount.com/token
2024-12-02 05:28:07,124 DEBUG    urllib3.connectionpool http://metadata.google.internal:80 "GET /computeMetadata/v1/instance/service-accounts/964557009757-compute@developer.gserviceaccount.com/token HTTP/1.1" 200 871
2024-12-02 05:28:07,474 DEBUG    root            Chosen display Format:
    table(
      name,
      location(),
      location_scope(),
      sizeGb,
      type.basename(),
      status
      )
2024-12-02 05:28:07,475 INFO     root            Display format: "
    table(
      name,
      location(),
      location_scope(),
      sizeGb,
      type.basename(),
      status
      )"
2024-12-02 05:28:07,480 DEBUG    urllib3.connectionpool Starting new HTTPS connection (1): compute.googleapis.com:443
2024-12-02 05:28:07,860 DEBUG    urllib3.connectionpool https://compute.googleapis.com:443 "GET /compute/v1/projects/forethinktest/aggregated/disks?alt=json&includeAllScopes=True&maxResults=500&returnPartialSuccess=True HTTP/1.1" 403 None
2024-12-02 05:28:07,866 DEBUG    root            Chosen display Format:list[title="Some requests did not succeed.",always-display-title]
2024-12-02 05:28:07,867 WARNING  root            Some requests did not succeed.
 - Request had insufficient authentication scopes.

2024-12-02 05:28:07,884 INFO     root            cache collection=compute.disks api_version=v1 params=['project', 'zone', 'disk']
2024-12-02 05:28:07,969 INFO     ___FILE_ONLY___ Listed 0 items.

2024-12-02 05:28:07,970 DEBUG    root            SDK update checks are disabled.
